TN:
SF:index.ts
FN:23,(anonymous_8)
FN:30,initDb
FNF:2
FNH:1
FNDA:0,(anonymous_8)
FNDA:4,initDb
DA:1,4
DA:2,4
DA:3,4
DA:4,4
DA:6,4
DA:7,4
DA:8,4
DA:9,4
DA:11,4
DA:13,4
DA:17,4
DA:19,4
DA:20,4
DA:22,4
DA:23,0
DA:24,0
DA:28,4
DA:31,4
DA:32,4
LF:19
LH:17
BRDA:22,0,0,0
BRF:1
BRH:0
end_of_record
TN:
SF:src\helper.ts
FN:16,(anonymous_0)
FN:20,(anonymous_1)
FN:32,(anonymous_2)
FN:33,(anonymous_3)
FNF:4
FNH:4
FNDA:242,(anonymous_0)
FNDA:64,(anonymous_1)
FNDA:4,(anonymous_2)
FNDA:53,(anonymous_3)
DA:1,4
DA:17,242
DA:18,242
DA:19,49
DA:20,49
DA:21,64
DA:23,49
DA:25,193
DA:33,4
DA:34,53
DA:42,4
LF:11
LH:11
BRDA:18,0,0,49
BRDA:34,1,0,53
BRDA:34,1,1,0
BRDA:35,2,0,53
BRDA:35,2,1,0
BRDA:36,3,0,53
BRDA:36,3,1,0
BRF:7
BRH:4
end_of_record
TN:
SF:src\routes.ts
FN:21,initRoutes
FNF:1
FNH:1
FNDA:4,initRoutes
DA:1,4
DA:2,4
DA:3,4
DA:4,4
DA:5,4
DA:6,4
DA:7,4
DA:9,4
DA:10,4
DA:22,4
DA:23,4
DA:24,4
DA:32,4
DA:33,4
DA:34,4
DA:35,4
DA:36,4
DA:37,4
DA:42,4
DA:43,4
DA:44,4
DA:45,4
DA:46,4
DA:48,4
DA:51,4
LF:25
LH:25
BRF:0
BRH:0
end_of_record
TN:
SF:src\utilities.ts
FN:13,(anonymous_0)
FN:21,(anonymous_1)
FN:25,(anonymous_2)
FN:35,(anonymous_3)
FNF:4
FNH:4
FNDA:70,(anonymous_0)
FNDA:69,(anonymous_1)
FNDA:96,(anonymous_2)
FNDA:5,(anonymous_3)
DA:1,4
DA:2,4
DA:14,70
DA:22,69
DA:26,96
DA:36,5
DA:37,5
DA:38,5
DA:42,4
LF:9
LH:9
BRF:0
BRH:0
end_of_record
TN:
SF:src\components\cart.ts
FN:23,(anonymous_0)
FN:69,(anonymous_1)
FNF:2
FNH:2
FNDA:35,(anonymous_0)
FNDA:8,(anonymous_1)
DA:24,35
DA:25,35
DA:26,35
DA:27,35
DA:28,35
DA:70,8
DA:71,8
DA:72,8
DA:73,8
DA:77,4
LF:10
LH:10
BRF:0
BRH:0
end_of_record
TN:
SF:src\components\product.ts
FN:22,(anonymous_0)
FN:35,(anonymous_1)
FNF:2
FNH:2
FNDA:91,(anonymous_0)
FNDA:4,(anonymous_1)
DA:23,91
DA:24,91
DA:25,91
DA:26,91
DA:27,91
DA:28,91
DA:35,4
DA:36,4
DA:37,4
DA:38,4
DA:41,4
LF:11
LH:11
BRDA:35,0,0,4
BRDA:35,0,1,4
BRF:2
BRH:2
end_of_record
TN:
SF:src\components\review.ts
FN:19,(anonymous_0)
FNF:1
FNH:1
FNDA:7,(anonymous_0)
DA:20,7
DA:21,7
DA:22,7
DA:23,7
DA:24,7
DA:28,4
LF:6
LH:6
BRF:0
BRH:0
end_of_record
TN:
SF:src\components\user.ts
FN:21,(anonymous_0)
FN:35,(anonymous_1)
FNF:2
FNH:2
FNDA:308,(anonymous_0)
FNDA:4,(anonymous_1)
DA:22,308
DA:23,308
DA:24,308
DA:25,308
DA:26,308
DA:27,308
DA:35,4
DA:36,4
DA:37,4
DA:38,4
DA:41,4
LF:11
LH:11
BRDA:35,0,0,4
BRDA:35,0,1,4
BRF:2
BRH:2
end_of_record
TN:
SF:src\controllers\cartController.ts
FN:17,(anonymous_8)
FN:30,(anonymous_9)
FN:53,(anonymous_11)
FN:64,(anonymous_12)
FN:80,(anonymous_13)
FN:101,(anonymous_15)
FN:140,(anonymous_17)
FN:152,(anonymous_19)
FN:165,(anonymous_21)
FN:189,(anonymous_22)
FN:203,(anonymous_24)
FN:211,(anonymous_26)
FNF:12
FNH:12
FNDA:4,(anonymous_8)
FNDA:12,(anonymous_9)
FNDA:4,(anonymous_11)
FNDA:12,(anonymous_12)
FNDA:9,(anonymous_13)
FNDA:6,(anonymous_15)
FNDA:3,(anonymous_17)
FNDA:7,(anonymous_19)
FNDA:4,(anonymous_21)
FNDA:2,(anonymous_22)
FNDA:1,(anonymous_24)
FNDA:3,(anonymous_26)
DA:1,4
DA:2,4
DA:3,4
DA:5,4
DA:6,4
DA:7,4
DA:8,4
DA:18,4
DA:19,4
DA:34,12
DA:35,11
DA:36,1
DA:39,10
DA:40,10
DA:41,10
DA:43,4
DA:44,4
DA:45,4
DA:47,0
DA:51,10
DA:53,10
DA:54,10
DA:55,2
DA:56,2
DA:57,2
DA:58,2
DA:60,8
DA:63,10
DA:64,12
DA:67,10
DA:68,6
DA:70,4
DA:84,9
DA:85,9
DA:87,2
DA:88,2
DA:90,0
DA:93,9
DA:104,6
DA:105,5
DA:113,5
DA:114,1
DA:117,4
DA:118,5
DA:119,5
DA:120,3
DA:121,0
DA:124,2
DA:128,2
DA:129,3
DA:131,2
DA:143,3
DA:155,7
DA:157,6
DA:158,5
DA:165,5
DA:166,5
DA:167,3
DA:168,3
DA:169,1
DA:172,2
DA:175,3
DA:177,2
DA:180,3
DA:190,2
DA:191,0
DA:192,2
DA:193,1
DA:194,0
DA:196,1
DA:204,1
DA:212,3
DA:216,4
LF:73
LH:68
BRDA:35,0,0,1
BRDA:43,1,0,4
BRDA:43,1,1,0
BRDA:54,2,0,2
BRDA:54,2,1,8
BRDA:67,3,0,6
BRDA:67,3,1,4
BRDA:87,4,0,2
BRDA:87,4,1,0
BRDA:113,5,0,1
BRDA:119,6,0,3
BRDA:119,6,1,2
BRDA:120,7,0,0
BRDA:166,8,0,3
BRDA:166,8,1,2
BRDA:168,9,0,1
BRDA:168,9,1,2
BRDA:190,10,0,0
BRDA:193,11,0,0
BRF:19
BRH:14
end_of_record
TN:
SF:src\controllers\productController.ts
FN:10,(anonymous_8)
FN:24,(anonymous_9)
FN:35,(anonymous_11)
FN:45,(anonymous_13)
FN:56,(anonymous_15)
FN:67,(anonymous_17)
FN:68,(anonymous_19)
FN:75,(anonymous_20)
FN:85,(anonymous_22)
FNF:9
FNH:9
FNDA:4,(anonymous_8)
FNDA:15,(anonymous_9)
FNDA:7,(anonymous_11)
FNDA:11,(anonymous_13)
FNDA:28,(anonymous_15)
FNDA:23,(anonymous_17)
FNDA:28,(anonymous_19)
FNDA:2,(anonymous_20)
FNDA:3,(anonymous_22)
DA:1,4
DA:11,4
DA:25,15
DA:36,7
DA:46,11
DA:57,28
DA:68,28
DA:76,2
DA:86,3
DA:87,2
DA:92,4
LF:11
LH:11
BRF:0
BRH:0
end_of_record
TN:
SF:src\controllers\reviewController.ts
FN:11,(anonymous_8)
FN:24,(anonymous_9)
FN:45,(anonymous_11)
FN:54,(anonymous_13)
FN:64,(anonymous_15)
FN:71,(anonymous_17)
FNF:6
FNH:6
FNDA:4,(anonymous_8)
FNDA:6,(anonymous_9)
FNDA:14,(anonymous_11)
FNDA:3,(anonymous_13)
FNDA:2,(anonymous_15)
FNDA:2,(anonymous_17)
DA:2,4
DA:12,4
DA:31,6
DA:46,14
DA:57,3
DA:65,2
DA:72,2
DA:76,4
LF:8
LH:8
BRF:0
BRH:0
end_of_record
TN:
SF:src\controllers\userController.ts
FN:13,(anonymous_8)
FN:26,(anonymous_9)
FN:34,(anonymous_11)
FN:43,(anonymous_13)
FN:55,(anonymous_15)
FN:70,(anonymous_17)
FN:92,(anonymous_19)
FN:106,(anonymous_21)
FNF:8
FNH:8
FNDA:4,(anonymous_8)
FNDA:20,(anonymous_9)
FNDA:3,(anonymous_11)
FNDA:3,(anonymous_13)
FNDA:12,(anonymous_15)
FNDA:5,(anonymous_17)
FNDA:1,(anonymous_19)
FNDA:5,(anonymous_21)
DA:1,4
DA:2,4
DA:3,4
DA:4,4
DA:14,4
DA:27,20
DA:35,3
DA:44,3
DA:56,12
DA:57,1
DA:59,11
DA:71,5
DA:72,4
DA:73,1
DA:76,3
DA:77,2
DA:78,1
DA:80,1
DA:84,1
DA:93,1
DA:107,5
DA:108,1
DA:110,4
DA:111,3
DA:112,1
DA:115,2
DA:116,1
DA:117,0
DA:120,1
DA:121,1
DA:122,1
DA:123,1
DA:124,1
DA:125,1
DA:130,1
DA:131,1
DA:136,4
LF:37
LH:36
BRDA:56,0,0,1
BRDA:56,1,0,12
BRDA:56,1,1,7
BRDA:71,2,0,4
BRDA:71,2,1,1
BRDA:72,3,0,1
BRDA:72,3,1,3
BRDA:77,4,0,1
BRDA:77,4,1,1
BRDA:107,5,0,1
BRDA:110,6,0,3
BRDA:110,6,1,1
BRDA:111,7,0,1
BRDA:111,7,1,2
BRDA:116,8,0,0
BRDA:116,8,1,1
BRF:16
BRH:15
end_of_record
TN:
SF:src\dao\cartDAO.ts
FN:16,(anonymous_1)
FN:17,(anonymous_2)
FN:29,(anonymous_3)
FN:37,(anonymous_4)
FN:38,(anonymous_5)
FN:40,(anonymous_6)
FN:53,(anonymous_7)
FN:54,(anonymous_8)
FN:58,(anonymous_9)
FN:83,(anonymous_10)
FN:84,(anonymous_11)
FN:88,(anonymous_12)
FN:108,(anonymous_13)
FN:109,(anonymous_14)
FN:113,(anonymous_15)
FN:121,(anonymous_16)
FN:132,(anonymous_17)
FN:133,(anonymous_18)
FN:136,(anonymous_19)
FN:148,(anonymous_20)
FN:149,(anonymous_21)
FN:152,(anonymous_22)
FN:181,(anonymous_23)
FN:182,(anonymous_24)
FN:186,(anonymous_25)
FN:209,(anonymous_26)
FN:210,(anonymous_27)
FN:213,(anonymous_28)
FN:232,(anonymous_29)
FN:233,(anonymous_30)
FN:236,(anonymous_31)
FN:244,(anonymous_32)
FNF:32
FNH:29
FNDA:4,(anonymous_1)
FNDA:4,(anonymous_2)
FNDA:4,(anonymous_3)
FNDA:0,(anonymous_4)
FNDA:0,(anonymous_5)
FNDA:0,(anonymous_6)
FNDA:33,(anonymous_7)
FNDA:33,(anonymous_8)
FNDA:33,(anonymous_9)
FNDA:2,(anonymous_10)
FNDA:2,(anonymous_11)
FNDA:2,(anonymous_12)
FNDA:3,(anonymous_13)
FNDA:3,(anonymous_14)
FNDA:3,(anonymous_15)
FNDA:2,(anonymous_16)
FNDA:9,(anonymous_17)
FNDA:9,(anonymous_18)
FNDA:9,(anonymous_19)
FNDA:4,(anonymous_20)
FNDA:4,(anonymous_21)
FNDA:4,(anonymous_22)
FNDA:1,(anonymous_23)
FNDA:1,(anonymous_24)
FNDA:1,(anonymous_25)
FNDA:1,(anonymous_26)
FNDA:1,(anonymous_27)
FNDA:1,(anonymous_28)
FNDA:3,(anonymous_29)
FNDA:3,(anonymous_30)
FNDA:3,(anonymous_31)
FNDA:3,(anonymous_32)
DA:1,4
DA:2,4
DA:4,4
DA:7,4
DA:17,4
DA:19,4
DA:29,4
DA:30,4
DA:31,0
DA:32,4
DA:38,0
DA:39,0
DA:40,0
DA:41,0
DA:42,0
DA:43,0
DA:54,33
DA:55,33
DA:56,33
DA:57,33
DA:58,33
DA:59,33
DA:60,0
DA:63,33
DA:64,24
DA:65,24
DA:67,9
DA:71,0
DA:84,2
DA:85,2
DA:86,2
DA:87,2
DA:88,2
DA:89,2
DA:90,2
DA:94,0
DA:109,3
DA:110,3
DA:111,3
DA:112,3
DA:113,3
DA:114,3
DA:115,0
DA:116,0
DA:118,3
DA:119,0
DA:121,3
DA:122,3
DA:126,0
DA:133,9
DA:134,9
DA:135,9
DA:136,9
DA:137,9
DA:138,9
DA:142,0
DA:149,4
DA:150,4
DA:151,4
DA:152,4
DA:153,4
DA:154,4
DA:158,0
DA:182,1
DA:183,1
DA:184,1
DA:185,1
DA:186,1
DA:187,1
DA:188,0
DA:190,1
DA:195,0
DA:210,1
DA:211,1
DA:212,1
DA:213,1
DA:214,1
DA:215,0
DA:217,1
DA:220,0
DA:233,3
DA:234,3
DA:235,3
DA:236,3
DA:237,3
DA:238,0
DA:239,0
DA:240,3
DA:241,0
DA:242,0
DA:244,3
DA:245,3
DA:249,0
DA:261,4
LF:94
LH:69
BRDA:30,0,0,0
BRDA:41,1,0,0
BRDA:59,2,0,0
BRDA:63,3,0,24
BRDA:63,3,1,9
BRDA:89,4,0,0
BRDA:89,4,1,2
BRDA:114,5,0,0
BRDA:118,6,0,0
BRDA:137,7,0,0
BRDA:137,7,1,9
BRDA:153,8,0,0
BRDA:153,8,1,4
BRDA:187,9,0,0
BRDA:187,9,1,1
BRDA:214,10,0,0
BRDA:237,11,0,0
BRDA:240,12,0,0
BRDA:240,12,1,3
BRF:19
BRH:7
end_of_record
TN:
SF:src\dao\productDAO.ts
FN:17,(anonymous_8)
FN:18,(anonymous_9)
FN:34,(anonymous_10)
FN:39,(anonymous_11)
FN:53,(anonymous_12)
FN:54,(anonymous_13)
FN:67,(anonymous_14)
FN:73,(anonymous_15)
FN:86,(anonymous_16)
FN:87,(anonymous_17)
FN:96,(anonymous_18)
FN:109,(anonymous_19)
FN:126,(anonymous_20)
FN:127,(anonymous_22)
FN:154,(anonymous_23)
FN:161,(anonymous_24)
FN:172,(anonymous_25)
FN:173,(anonymous_26)
FN:175,(anonymous_27)
FN:187,(anonymous_28)
FN:188,(anonymous_29)
FN:190,(anonymous_30)
FN:197,(anonymous_31)
FN:198,(anonymous_32)
FN:200,(anonymous_33)
FNF:25
FNH:25
FNDA:15,(anonymous_8)
FNDA:15,(anonymous_9)
FNDA:14,(anonymous_10)
FNDA:14,(anonymous_11)
FNDA:7,(anonymous_12)
FNDA:7,(anonymous_13)
FNDA:6,(anonymous_14)
FNDA:4,(anonymous_15)
FNDA:14,(anonymous_16)
FNDA:14,(anonymous_17)
FNDA:13,(anonymous_18)
FNDA:9,(anonymous_19)
FNDA:51,(anonymous_20)
FNDA:51,(anonymous_22)
FNDA:39,(anonymous_23)
FNDA:67,(anonymous_24)
FNDA:2,(anonymous_25)
FNDA:2,(anonymous_26)
FNDA:2,(anonymous_27)
FNDA:2,(anonymous_28)
FNDA:2,(anonymous_29)
FNDA:2,(anonymous_30)
FNDA:27,(anonymous_31)
FNDA:27,(anonymous_32)
FNDA:27,(anonymous_33)
DA:1,4
DA:2,4
DA:3,4
DA:4,4
DA:5,4
DA:18,15
DA:20,15
DA:21,12
DA:25,14
DA:34,14
DA:35,14
DA:38,14
DA:39,14
DA:40,14
DA:41,13
DA:54,7
DA:57,7
DA:58,4
DA:60,3
DA:62,1
DA:66,6
DA:67,6
DA:68,6
DA:69,6
DA:70,5
DA:71,4
DA:72,4
DA:73,4
DA:74,4
DA:75,4
DA:87,14
DA:89,14
DA:90,10
DA:91,4
DA:92,1
DA:95,13
DA:96,13
DA:97,13
DA:98,0
DA:99,13
DA:100,1
DA:101,12
DA:102,1
DA:103,11
DA:104,1
DA:105,10
DA:106,1
DA:108,9
DA:109,9
DA:110,9
DA:111,0
DA:113,9
DA:127,51
DA:128,51
DA:129,51
DA:130,51
DA:132,51
DA:133,51
DA:135,51
DA:136,21
DA:137,6
DA:139,15
DA:140,15
DA:141,30
DA:142,16
DA:143,6
DA:145,10
DA:146,10
DA:147,10
DA:149,14
DA:150,0
DA:154,39
DA:155,39
DA:156,0
DA:158,39
DA:159,9
DA:161,37
DA:162,67
DA:164,37
DA:173,2
DA:174,2
DA:175,2
DA:176,2
DA:177,2
DA:188,2
DA:189,2
DA:190,2
DA:191,2
DA:192,2
DA:198,27
DA:199,27
DA:200,27
DA:201,27
DA:202,0
DA:203,0
DA:205,27
DA:206,3
DA:207,3
DA:209,24
DA:210,24
DA:216,4
LF:101
LH:95
BRDA:20,0,0,3
BRDA:20,0,1,12
BRDA:20,1,0,15
BRDA:20,1,1,15
BRDA:20,1,2,12
BRDA:21,2,0,1
BRDA:35,3,0,0
BRDA:40,4,0,1
BRDA:57,5,0,4
BRDA:57,5,1,3
BRDA:57,6,0,7
BRDA:57,6,1,7
BRDA:57,6,2,3
BRDA:60,7,0,1
BRDA:68,8,0,0
BRDA:68,8,1,6
BRDA:69,9,0,1
BRDA:69,10,0,6
BRDA:69,10,1,6
BRDA:69,10,2,5
BRDA:70,11,0,1
BRDA:74,12,0,0
BRDA:89,13,0,10
BRDA:89,13,1,4
BRDA:89,14,0,14
BRDA:89,14,1,11
BRDA:89,14,2,4
BRDA:91,15,0,1
BRDA:97,16,0,0
BRDA:97,16,1,13
BRDA:99,17,0,1
BRDA:99,17,1,12
BRDA:101,18,0,1
BRDA:101,18,1,11
BRDA:103,19,0,1
BRDA:103,19,1,10
BRDA:105,20,0,1
BRDA:105,20,1,9
BRDA:110,21,0,0
BRDA:110,21,1,9
BRDA:129,22,0,30
BRDA:129,23,0,51
BRDA:129,23,1,21
BRDA:130,24,0,35
BRDA:130,25,0,51
BRDA:130,25,1,16
BRDA:135,26,0,21
BRDA:135,26,1,30
BRDA:136,27,0,6
BRDA:136,28,0,21
BRDA:136,28,1,17
BRDA:141,29,0,16
BRDA:141,29,1,14
BRDA:142,30,0,6
BRDA:142,31,0,16
BRDA:142,31,1,12
BRDA:149,32,0,0
BRDA:149,33,0,14
BRDA:149,33,1,14
BRDA:155,34,0,0
BRDA:158,35,0,9
BRDA:159,36,0,2
BRDA:176,37,0,0
BRDA:191,38,0,0
BRDA:201,39,0,0
BRDA:205,40,0,3
BRF:66
BRH:56
end_of_record
TN:
SF:src\dao\reviewDAO.ts
FN:20,(anonymous_1)
FN:21,(anonymous_2)
FN:32,(anonymous_3)
FN:40,(anonymous_4)
FN:41,(anonymous_5)
FN:44,(anonymous_6)
FN:50,(anonymous_7)
FN:60,(anonymous_8)
FN:83,(anonymous_9)
FN:84,(anonymous_10)
FN:87,(anonymous_11)
FN:93,(anonymous_12)
FN:102,(anonymous_13)
FN:119,(anonymous_14)
FN:120,(anonymous_15)
FN:123,(anonymous_16)
FN:129,(anonymous_17)
FN:135,(anonymous_18)
FN:157,(anonymous_19)
FN:158,(anonymous_20)
FN:161,(anonymous_21)
FN:167,(anonymous_22)
FN:185,(anonymous_23)
FN:186,(anonymous_24)
FN:189,(anonymous_25)
FNF:25
FNH:25
FNDA:4,(anonymous_1)
FNDA:4,(anonymous_2)
FNDA:4,(anonymous_3)
FNDA:6,(anonymous_4)
FNDA:6,(anonymous_5)
FNDA:6,(anonymous_6)
FNDA:5,(anonymous_7)
FNDA:4,(anonymous_8)
FNDA:14,(anonymous_9)
FNDA:14,(anonymous_10)
FNDA:14,(anonymous_11)
FNDA:13,(anonymous_12)
FNDA:7,(anonymous_13)
FNDA:3,(anonymous_14)
FNDA:3,(anonymous_15)
FNDA:3,(anonymous_16)
FNDA:2,(anonymous_17)
FNDA:1,(anonymous_18)
FNDA:2,(anonymous_19)
FNDA:2,(anonymous_20)
FNDA:2,(anonymous_21)
FNDA:1,(anonymous_22)
FNDA:2,(anonymous_23)
FNDA:2,(anonymous_24)
FNDA:2,(anonymous_25)
DA:1,4
DA:3,4
DA:4,4
DA:5,4
DA:21,4
DA:23,4
DA:32,4
DA:33,4
DA:34,0
DA:35,4
DA:41,6
DA:42,6
DA:43,6
DA:44,6
DA:45,6
DA:46,0
DA:48,6
DA:49,5
DA:50,5
DA:51,5
DA:52,0
DA:54,5
DA:55,1
DA:58,4
DA:59,4
DA:60,4
DA:61,4
DA:62,0
DA:65,4
DA:71,1
DA:74,0
DA:84,14
DA:85,14
DA:86,14
DA:87,14
DA:88,14
DA:89,0
DA:91,14
DA:92,13
DA:93,13
DA:94,13
DA:95,0
DA:96,0
DA:98,13
DA:99,0
DA:100,0
DA:102,13
DA:103,13
DA:106,1
DA:109,0
DA:120,3
DA:121,3
DA:122,3
DA:123,3
DA:124,3
DA:125,0
DA:127,3
DA:128,2
DA:129,2
DA:130,2
DA:131,0
DA:133,2
DA:134,1
DA:135,1
DA:136,1
DA:137,0
DA:139,1
DA:142,1
DA:145,1
DA:148,0
DA:158,2
DA:159,2
DA:160,2
DA:161,2
DA:162,2
DA:163,0
DA:165,2
DA:166,1
DA:167,1
DA:168,1
DA:169,0
DA:171,1
DA:174,1
DA:177,0
DA:186,2
DA:187,2
DA:188,2
DA:189,2
DA:190,2
DA:191,0
DA:193,2
DA:196,0
DA:203,4
LF:93
LH:73
BRDA:33,0,0,0
BRDA:45,1,0,0
BRDA:48,2,0,5
BRDA:48,2,1,1
BRDA:51,3,0,0
BRDA:54,4,0,1
BRDA:54,4,1,4
BRDA:61,5,0,0
BRDA:61,5,1,4
BRDA:88,6,0,0
BRDA:91,7,0,13
BRDA:91,7,1,1
BRDA:94,8,0,0
BRDA:98,9,0,0
BRDA:124,10,0,0
BRDA:127,11,0,2
BRDA:127,11,1,1
BRDA:130,12,0,0
BRDA:133,13,0,1
BRDA:133,13,1,1
BRDA:136,14,0,0
BRDA:162,15,0,0
BRDA:165,16,0,1
BRDA:165,16,1,1
BRDA:168,17,0,0
BRDA:190,18,0,0
BRF:26
BRH:13
end_of_record
TN:
SF:src\dao\userDAO.ts
FN:18,(anonymous_1)
FN:19,(anonymous_2)
FN:26,(anonymous_3)
FN:56,(anonymous_4)
FN:57,(anonymous_5)
FN:62,(anonymous_6)
FN:81,(anonymous_7)
FN:82,(anonymous_8)
FN:85,(anonymous_9)
FN:103,(anonymous_10)
FN:104,(anonymous_11)
FN:107,(anonymous_12)
FN:112,(anonymous_13)
FN:122,(anonymous_14)
FN:123,(anonymous_15)
FN:126,(anonymous_16)
FN:130,(anonymous_17)
FN:140,(anonymous_18)
FN:141,(anonymous_19)
FN:144,(anonymous_20)
FN:157,(anonymous_21)
FN:158,(anonymous_22)
FN:161,(anonymous_23)
FN:173,(anonymous_24)
FN:174,(anonymous_25)
FN:177,(anonymous_26)
FNF:26
FNH:26
FNDA:23,(anonymous_1)
FNDA:23,(anonymous_2)
FNDA:23,(anonymous_3)
FNDA:20,(anonymous_4)
FNDA:20,(anonymous_5)
FNDA:20,(anonymous_6)
FNDA:305,(anonymous_7)
FNDA:305,(anonymous_8)
FNDA:305,(anonymous_9)
FNDA:3,(anonymous_10)
FNDA:3,(anonymous_11)
FNDA:3,(anonymous_12)
FNDA:7,(anonymous_13)
FNDA:3,(anonymous_14)
FNDA:3,(anonymous_15)
FNDA:3,(anonymous_16)
FNDA:3,(anonymous_17)
FNDA:2,(anonymous_18)
FNDA:2,(anonymous_19)
FNDA:2,(anonymous_20)
FNDA:1,(anonymous_21)
FNDA:1,(anonymous_22)
FNDA:1,(anonymous_23)
FNDA:2,(anonymous_24)
FNDA:2,(anonymous_25)
FNDA:2,(anonymous_26)
DA:1,4
DA:2,4
DA:3,4
DA:4,4
DA:19,23
DA:20,23
DA:25,23
DA:26,23
DA:27,23
DA:29,23
DA:30,1
DA:33,22
DA:34,22
DA:35,22
DA:36,22
DA:41,0
DA:57,20
DA:58,20
DA:59,20
DA:60,20
DA:61,20
DA:62,20
DA:63,20
DA:64,1
DA:65,1
DA:67,20
DA:70,0
DA:82,305
DA:83,305
DA:84,305
DA:85,305
DA:86,305
DA:87,0
DA:89,305
DA:90,7
DA:93,298
DA:94,298
DA:97,0
DA:104,3
DA:105,3
DA:106,3
DA:107,3
DA:108,3
DA:109,0
DA:112,7
DA:113,3
DA:116,0
DA:123,3
DA:124,3
DA:125,3
DA:126,3
DA:127,3
DA:128,0
DA:130,3
DA:131,3
DA:134,0
DA:141,2
DA:142,2
DA:143,2
DA:144,2
DA:145,2
DA:146,0
DA:148,2
DA:151,0
DA:158,1
DA:159,1
DA:160,1
DA:161,1
DA:162,1
DA:163,0
DA:165,1
DA:168,0
DA:174,2
DA:175,2
DA:176,2
DA:177,2
DA:178,2
DA:179,0
DA:181,2
DA:184,0
DA:191,4
LF:81
LH:67
BRDA:27,0,0,0
BRDA:29,1,0,1
BRDA:29,1,1,22
BRDA:29,2,0,23
BRDA:29,2,1,22
BRDA:29,2,2,22
BRDA:35,3,0,1
BRDA:63,4,0,1
BRDA:64,5,0,1
BRDA:86,6,0,0
BRDA:89,7,0,7
BRDA:108,8,0,0
BRDA:127,9,0,0
BRDA:145,10,0,0
BRDA:162,11,0,0
BRDA:178,12,0,0
BRF:16
BRH:9
end_of_record
TN:
SF:src\db\cleanup.ts
FN:10,cleanup
FN:11,(anonymous_2)
FN:12,(anonymous_3)
FN:16,(anonymous_4)
FNF:4
FNH:4
FNDA:10,cleanup
FNDA:10,(anonymous_2)
FNDA:10,(anonymous_3)
FNDA:9,(anonymous_4)
DA:3,4
DA:10,4
DA:11,10
DA:12,10
DA:13,10
DA:14,10
DA:15,10
DA:16,10
DA:17,9
DA:18,0
DA:19,9
LF:11
LH:10
BRDA:17,0,0,0
BRF:1
BRH:0
end_of_record
TN:
SF:src\db\db.ts
FN:22,(anonymous_0)
FNF:1
FNH:1
FNDA:4,(anonymous_0)
DA:9,4
DA:16,4
DA:19,4
DA:22,4
DA:23,4
DA:24,4
DA:27,4
LF:7
LH:7
BRDA:16,0,0,4
BRDA:16,0,1,0
BRDA:19,1,0,4
BRDA:19,1,1,0
BRDA:23,2,0,0
BRF:5
BRH:2
end_of_record
TN:
SF:src\errors\cartError.ts
FN:14,(anonymous_0)
FN:28,(anonymous_1)
FN:42,(anonymous_2)
FN:56,(anonymous_3)
FN:67,(anonymous_4)
FNF:5
FNH:3
FNDA:9,(anonymous_0)
FNDA:0,(anonymous_1)
FNDA:2,(anonymous_2)
FNDA:0,(anonymous_3)
FNDA:1,(anonymous_4)
DA:1,4
DA:2,4
DA:3,4
DA:4,4
DA:5,4
DA:15,9
DA:16,9
DA:17,9
DA:29,0
DA:30,0
DA:31,0
DA:43,2
DA:44,2
DA:45,2
DA:57,0
DA:58,0
DA:59,0
DA:68,1
DA:69,1
DA:70,1
DA:74,4
LF:21
LH:15
BRF:0
BRH:0
end_of_record
TN:
SF:src\errors\productError.ts
FN:15,(anonymous_0)
FN:29,(anonymous_1)
FN:43,(anonymous_2)
FN:54,(anonymous_3)
FN:65,(anonymous_4)
FN:76,(anonymous_5)
FNF:6
FNH:5
FNDA:11,(anonymous_0)
FNDA:1,(anonymous_1)
FNDA:0,(anonymous_2)
FNDA:4,(anonymous_3)
FNDA:1,(anonymous_4)
FNDA:12,(anonymous_5)
DA:1,4
DA:2,4
DA:3,4
DA:4,4
DA:5,4
DA:6,4
DA:16,11
DA:17,11
DA:18,11
DA:30,1
DA:31,1
DA:32,1
DA:44,0
DA:45,0
DA:46,0
DA:55,4
DA:56,4
DA:57,4
DA:66,1
DA:67,1
DA:68,1
DA:77,12
DA:78,12
DA:79,12
DA:83,4
LF:25
LH:22
BRF:0
BRH:0
end_of_record
TN:
SF:src\errors\reviewError.ts
FN:8,(anonymous_0)
FN:19,(anonymous_1)
FNF:2
FNH:2
FNDA:1,(anonymous_0)
FNDA:1,(anonymous_1)
DA:1,4
DA:2,4
DA:9,1
DA:10,1
DA:11,1
DA:20,1
DA:21,1
DA:22,1
DA:26,4
LF:9
LH:9
BRF:0
BRH:0
end_of_record
TN:
SF:src\errors\userError.ts
FN:16,(anonymous_0)
FN:30,(anonymous_1)
FN:44,(anonymous_2)
FN:60,(anonymous_3)
FN:71,(anonymous_4)
FN:82,(anonymous_5)
FN:93,(anonymous_6)
FN:104,(anonymous_7)
FNF:8
FNH:5
FNDA:7,(anonymous_0)
FNDA:0,(anonymous_1)
FNDA:0,(anonymous_2)
FNDA:1,(anonymous_3)
FNDA:2,(anonymous_4)
FNDA:0,(anonymous_5)
FNDA:2,(anonymous_6)
FNDA:1,(anonymous_7)
DA:1,4
DA:2,4
DA:3,4
DA:4,4
DA:5,4
DA:6,4
DA:7,4
DA:17,7
DA:18,7
DA:19,7
DA:31,0
DA:32,0
DA:33,0
DA:45,0
DA:46,0
DA:47,0
DA:61,1
DA:62,1
DA:63,1
DA:72,2
DA:73,2
DA:74,2
DA:83,0
DA:84,0
DA:85,0
DA:94,2
DA:95,2
DA:96,2
DA:105,1
DA:106,1
DA:107,1
DA:111,4
LF:32
LH:23
BRF:0
BRH:0
end_of_record
TN:
SF:src\routers\auth.ts
FN:20,(anonymous_1)
FN:30,(anonymous_2)
FN:49,(anonymous_3)
FN:50,(anonymous_4)
FN:52,(anonymous_5)
FN:66,(anonymous_6)
FN:76,(anonymous_7)
FN:77,(anonymous_8)
FN:79,(anonymous_9)
FN:96,(anonymous_10)
FN:97,(anonymous_11)
FN:98,(anonymous_12)
FN:102,(anonymous_13)
FN:117,(anonymous_14)
FN:118,(anonymous_15)
FN:119,(anonymous_16)
FN:131,(anonymous_17)
FN:144,(anonymous_18)
FN:157,(anonymous_19)
FN:162,(anonymous_20)
FN:167,(anonymous_21)
FNF:21
FNH:20
FNDA:4,(anonymous_1)
FNDA:4,(anonymous_2)
FNDA:23,(anonymous_3)
FNDA:23,(anonymous_4)
FNDA:21,(anonymous_5)
FNDA:21,(anonymous_6)
FNDA:267,(anonymous_7)
FNDA:265,(anonymous_8)
FNDA:2,(anonymous_9)
FNDA:23,(anonymous_10)
FNDA:23,(anonymous_11)
FNDA:23,(anonymous_12)
FNDA:21,(anonymous_13)
FNDA:1,(anonymous_14)
FNDA:1,(anonymous_15)
FNDA:1,(anonymous_16)
FNDA:205,(anonymous_17)
FNDA:73,(anonymous_18)
FNDA:0,(anonymous_19)
FNDA:15,(anonymous_20)
FNDA:84,(anonymous_21)
DA:3,4
DA:4,4
DA:5,4
DA:6,4
DA:7,4
DA:21,4
DA:22,4
DA:23,4
DA:31,4
DA:38,4
DA:39,4
DA:41,4
DA:48,4
DA:50,23
DA:51,23
DA:52,21
DA:53,21
DA:56,2
DA:66,4
DA:67,21
DA:76,4
DA:77,267
DA:78,265
DA:80,2
DA:97,23
DA:98,23
DA:99,23
DA:100,23
DA:102,21
DA:103,21
DA:104,21
DA:118,1
DA:119,1
DA:132,205
DA:133,21
DA:145,73
DA:146,20
DA:158,0
DA:159,0
DA:163,15
DA:164,8
DA:168,84
DA:169,10
DA:174,4
LF:44
LH:42
BRDA:51,0,0,21
BRDA:51,0,1,2
BRDA:99,1,0,0
BRDA:100,2,0,2
BRDA:103,3,0,0
BRDA:132,4,0,184
BRDA:145,5,0,53
BRDA:145,6,0,73
BRDA:145,6,1,69
BRDA:158,7,0,0
BRDA:158,8,0,0
BRDA:158,8,1,0
BRDA:163,9,0,7
BRDA:163,10,0,15
BRDA:163,10,1,12
BRDA:168,11,0,74
BRDA:168,12,0,84
BRDA:168,12,1,84
BRDA:168,12,2,70
BRF:19
BRH:14
end_of_record
TN:
SF:src\routers\cartRoutes.ts
FN:21,(anonymous_1)
FN:33,(anonymous_2)
FN:44,(anonymous_3)
FN:55,(anonymous_4)
FN:56,(anonymous_5)
FN:59,(anonymous_6)
FN:76,(anonymous_7)
FN:77,(anonymous_8)
FN:78,(anonymous_9)
FN:93,(anonymous_10)
FN:94,(anonymous_11)
FN:95,(anonymous_12)
FN:110,(anonymous_13)
FN:111,(anonymous_14)
FN:112,(anonymous_15)
FN:127,(anonymous_16)
FN:128,(anonymous_17)
FN:129,(anonymous_18)
FN:144,(anonymous_19)
FN:145,(anonymous_20)
FN:146,(anonymous_21)
FN:158,(anonymous_22)
FN:159,(anonymous_23)
FN:160,(anonymous_24)
FN:172,(anonymous_25)
FN:173,(anonymous_26)
FN:174,(anonymous_27)
FNF:27
FNH:23
FNDA:4,(anonymous_1)
FNDA:4,(anonymous_2)
FNDA:4,(anonymous_3)
FNDA:9,(anonymous_4)
FNDA:9,(anonymous_5)
FNDA:0,(anonymous_6)
FNDA:12,(anonymous_7)
FNDA:10,(anonymous_8)
FNDA:2,(anonymous_9)
FNDA:6,(anonymous_10)
FNDA:2,(anonymous_11)
FNDA:4,(anonymous_12)
FNDA:3,(anonymous_13)
FNDA:3,(anonymous_14)
FNDA:0,(anonymous_15)
FNDA:7,(anonymous_16)
FNDA:3,(anonymous_17)
FNDA:4,(anonymous_18)
FNDA:2,(anonymous_19)
FNDA:1,(anonymous_20)
FNDA:1,(anonymous_21)
FNDA:1,(anonymous_22)
FNDA:1,(anonymous_23)
FNDA:0,(anonymous_24)
FNDA:3,(anonymous_25)
FNDA:3,(anonymous_26)
FNDA:0,(anonymous_27)
DA:1,4
DA:2,4
DA:3,4
DA:4,4
DA:22,4
DA:23,4
DA:24,4
DA:25,4
DA:26,4
DA:34,4
DA:51,4
DA:55,9
DA:57,9
DA:60,0
DA:71,4
DA:76,12
DA:77,10
DA:79,2
DA:89,4
DA:93,6
DA:94,2
DA:96,4
DA:97,4
DA:106,4
DA:110,3
DA:111,3
DA:112,0
DA:121,4
DA:127,7
DA:128,3
DA:130,4
DA:140,4
DA:144,2
DA:145,1
DA:146,1
DA:154,4
DA:158,1
DA:159,1
DA:160,0
DA:168,4
DA:172,3
DA:173,3
DA:174,0
DA:179,4
LF:44
LH:40
BRF:0
BRH:0
end_of_record
TN:
SF:src\routers\productRoutes.ts
FN:21,(anonymous_1)
FN:33,(anonymous_2)
FN:45,(anonymous_3)
FN:70,(anonymous_4)
FN:71,(anonymous_5)
FN:72,(anonymous_6)
FN:92,(anonymous_7)
FN:93,(anonymous_8)
FN:94,(anonymous_9)
FN:114,(anonymous_10)
FN:115,(anonymous_11)
FN:116,(anonymous_12)
FN:138,(anonymous_13)
FN:139,(anonymous_14)
FN:140,(anonymous_15)
FN:162,(anonymous_16)
FN:163,(anonymous_17)
FN:164,(anonymous_18)
FN:176,(anonymous_19)
FN:177,(anonymous_20)
FN:178,(anonymous_21)
FN:192,(anonymous_22)
FN:193,(anonymous_23)
FN:194,(anonymous_24)
FNF:24
FNH:23
FNDA:4,(anonymous_1)
FNDA:4,(anonymous_2)
FNDA:4,(anonymous_3)
FNDA:15,(anonymous_4)
FNDA:13,(anonymous_5)
FNDA:2,(anonymous_6)
FNDA:7,(anonymous_7)
FNDA:4,(anonymous_8)
FNDA:3,(anonymous_9)
FNDA:11,(anonymous_10)
FNDA:6,(anonymous_11)
FNDA:5,(anonymous_12)
FNDA:28,(anonymous_13)
FNDA:21,(anonymous_14)
FNDA:7,(anonymous_15)
FNDA:23,(anonymous_16)
FNDA:16,(anonymous_17)
FNDA:7,(anonymous_18)
FNDA:2,(anonymous_19)
FNDA:2,(anonymous_20)
FNDA:0,(anonymous_21)
FNDA:3,(anonymous_22)
FNDA:2,(anonymous_23)
FNDA:1,(anonymous_24)
DA:1,4
DA:2,4
DA:3,4
DA:4,4
DA:22,4
DA:23,4
DA:24,4
DA:25,4
DA:26,4
DA:34,4
DA:59,4
DA:70,15
DA:71,13
DA:72,2
DA:84,4
DA:92,7
DA:93,4
DA:94,3
DA:106,4
DA:114,11
DA:115,6
DA:117,5
DA:130,4
DA:138,28
DA:139,21
DA:142,7
DA:155,4
DA:162,23
DA:163,16
DA:164,7
DA:172,4
DA:176,2
DA:177,2
DA:178,0
DA:187,4
DA:192,3
DA:193,2
DA:194,1
DA:199,4
LF:39
LH:38
BRF:0
BRH:0
end_of_record
TN:
SF:src\routers\reviewRoutes.ts
FN:14,(anonymous_1)
FN:22,(anonymous_2)
FN:26,(anonymous_3)
FN:45,(anonymous_4)
FN:46,(anonymous_5)
FN:47,(anonymous_6)
FN:64,(anonymous_7)
FN:65,(anonymous_8)
FN:66,(anonymous_9)
FN:81,(anonymous_10)
FN:82,(anonymous_11)
FN:83,(anonymous_12)
FN:101,(anonymous_13)
FN:102,(anonymous_14)
FN:103,(anonymous_15)
FN:115,(anonymous_16)
FN:116,(anonymous_17)
FN:117,(anonymous_18)
FNF:18
FNH:17
FNDA:4,(anonymous_1)
FNDA:4,(anonymous_2)
FNDA:4,(anonymous_3)
FNDA:6,(anonymous_4)
FNDA:4,(anonymous_5)
FNDA:2,(anonymous_6)
FNDA:14,(anonymous_7)
FNDA:13,(anonymous_8)
FNDA:1,(anonymous_9)
FNDA:3,(anonymous_10)
FNDA:1,(anonymous_11)
FNDA:2,(anonymous_12)
FNDA:2,(anonymous_13)
FNDA:1,(anonymous_14)
FNDA:1,(anonymous_15)
FNDA:2,(anonymous_16)
FNDA:2,(anonymous_17)
FNDA:0,(anonymous_18)
DA:1,4
DA:2,4
DA:3,4
DA:4,4
DA:15,4
DA:16,4
DA:17,4
DA:18,4
DA:19,4
DA:23,4
DA:37,4
DA:45,6
DA:46,4
DA:49,2
DA:59,4
DA:64,14
DA:65,13
DA:66,1
DA:75,4
DA:81,3
DA:82,1
DA:85,2
DA:95,4
DA:101,2
DA:102,1
DA:103,1
DA:111,4
DA:115,2
DA:116,2
DA:117,0
DA:122,4
LF:31
LH:30
BRF:0
BRH:0
end_of_record
TN:
SF:src\routers\userRoutes.ts
FN:21,(anonymous_1)
FN:33,(anonymous_2)
FN:44,(anonymous_3)
FN:65,(anonymous_4)
FN:66,(anonymous_5)
FN:67,(anonymous_6)
FN:80,(anonymous_7)
FN:81,(anonymous_8)
FN:82,(anonymous_9)
FN:96,(anonymous_10)
FN:97,(anonymous_11)
FN:98,(anonymous_12)
FN:112,(anonymous_13)
FN:113,(anonymous_14)
FN:114,(anonymous_15)
FN:128,(anonymous_16)
FN:129,(anonymous_17)
FN:130,(anonymous_18)
FN:141,(anonymous_19)
FN:142,(anonymous_20)
FN:143,(anonymous_21)
FN:166,(anonymous_22)
FN:167,(anonymous_23)
FN:168,(anonymous_24)
FN:186,(anonymous_25)
FN:193,(anonymous_26)
FN:204,(anonymous_27)
FN:217,(anonymous_28)
FN:218,(anonymous_29)
FN:219,(anonymous_30)
FN:230,(anonymous_31)
FN:231,(anonymous_32)
FN:232,(anonymous_33)
FN:243,(anonymous_34)
FNF:34
FNH:30
FNDA:4,(anonymous_1)
FNDA:4,(anonymous_2)
FNDA:4,(anonymous_3)
FNDA:20,(anonymous_4)
FNDA:19,(anonymous_5)
FNDA:1,(anonymous_6)
FNDA:3,(anonymous_7)
FNDA:3,(anonymous_8)
FNDA:0,(anonymous_9)
FNDA:3,(anonymous_10)
FNDA:3,(anonymous_11)
FNDA:0,(anonymous_12)
FNDA:12,(anonymous_13)
FNDA:8,(anonymous_14)
FNDA:4,(anonymous_15)
FNDA:5,(anonymous_16)
FNDA:2,(anonymous_17)
FNDA:3,(anonymous_18)
FNDA:1,(anonymous_19)
FNDA:1,(anonymous_20)
FNDA:0,(anonymous_21)
FNDA:5,(anonymous_22)
FNDA:2,(anonymous_23)
FNDA:3,(anonymous_24)
FNDA:4,(anonymous_25)
FNDA:4,(anonymous_26)
FNDA:4,(anonymous_27)
FNDA:23,(anonymous_28)
FNDA:21,(anonymous_29)
FNDA:2,(anonymous_30)
FNDA:1,(anonymous_31)
FNDA:1,(anonymous_32)
FNDA:0,(anonymous_33)
FNDA:1,(anonymous_34)
DA:1,4
DA:3,4
DA:5,4
DA:6,4
DA:22,4
DA:23,4
DA:24,4
DA:25,4
DA:26,4
DA:34,4
DA:57,4
DA:65,20
DA:66,19
DA:68,1
DA:77,4
DA:80,3
DA:81,3
DA:82,0
DA:91,4
DA:96,3
DA:97,3
DA:98,0
DA:107,4
DA:112,12
DA:113,8
DA:114,4
DA:123,4
DA:128,5
DA:129,2
DA:130,3
DA:138,4
DA:141,1
DA:142,1
DA:143,0
DA:157,4
DA:166,5
DA:167,2
DA:168,3
DA:187,4
DA:188,4
DA:189,4
DA:190,4
DA:194,4
DA:215,4
DA:217,23
DA:218,21
DA:219,2
DA:227,4
DA:230,1
DA:231,1
DA:232,0
DA:240,4
DA:243,1
DA:248,4
LF:54
LH:50
BRF:0
BRH:0
end_of_record
